2025-08-16 14:54:16,129 [INFO] Activator:176 - 


2025-08-16 14:54:16,130 [INFO] Activator:177 - !SESSION log4j initialized
2025-08-16 14:54:17,753 [INFO] LogOutputStream:77 - [STDOUT_REDIRECT] 
2025-08-16 14:54:41,985 [INFO] ApplicationProperties:184 - Using Application install path: C:\ST\STM32CubeIDE_1.19.0\STM32CubeIDE\plugins\com.st.stm32cube.common.mx_6.15.0.202507011659
2025-08-16 14:54:41,996 [INFO] DbMcusXml:78 - Set database path to: C:\ST\STM32CubeIDE_1.19.0\STM32CubeIDE\plugins\com.st.stm32cube.common.mx_6.15.0.202507011659\\db\/mcu/
2025-08-16 14:54:41,996 [INFO] ApiDb:274 - Set plugin database path to: C:\ST\STM32CubeIDE_1.19.0\STM32CubeIDE\plugins\com.st.stm32cube.common.mx_6.15.0.202507011659\\db\/plugins/boardmanager/
2025-08-16 14:54:42,005 [WARN] ApiDb:259 - Overriding images path with different value:  => C:\ST\STM32CubeIDE_1.19.0\STM32CubeIDE\plugins\com.st.stm32cube.common.mx_6.15.0.202507011659\\db\/plugins/mcufinder/images/
2025-08-16 14:54:42,009 [INFO] ApiDb:250 - Set database path to: C:\Users\kim20\.stmcufinder\plugins\mcufinder//mcu/
2025-08-16 14:54:42,010 [INFO] DbMcusAds:125 - Set database path to: C:\Users\kim20\.stmcufinder\plugins\mcufinder//mcu/
2025-08-16 14:54:42,018 [INFO] CrossReferenceDbSqlite:203 - Set database path to: C:\Users\kim20\.stmcufinder\plugins\mcufinder//mcu/cs/
2025-08-16 14:54:42,095 [INFO] RulesReader:64 - Compatibility file has been processed (317 Rules)
2025-08-16 14:54:42,157 [INFO] DbMcusXml:78 - Set database path to: C:\ST\STM32CubeIDE_1.19.0\STM32CubeIDE\plugins\com.st.stm32cube.common.mx_6.15.0.202507011659\\db\/mcu/
2025-08-16 14:54:42,157 [INFO] ApiDb:274 - Set plugin database path to: C:\ST\STM32CubeIDE_1.19.0\STM32CubeIDE\plugins\com.st.stm32cube.common.mx_6.15.0.202507011659\\db\/plugins/boardmanager/
2025-08-16 14:54:42,157 [INFO] ApiDb:261 - Set plugin images path to: C:\ST\STM32CubeIDE_1.19.0\STM32CubeIDE\plugins\com.st.stm32cube.common.mx_6.15.0.202507011659\\db\/plugins/mcufinder/images/
2025-08-16 14:54:42,157 [WARN] DbFile:41 - Overriding database path with different value: C:\Users\kim20\.stmcufinder\plugins\mcufinder/ => C:\Users\kim20\.stmcufinder\plugins\mcufinder
2025-08-16 14:54:42,157 [INFO] ApiDb:250 - Set database path to: C:\Users\kim20\.stmcufinder\plugins\mcufinder//mcu/
2025-08-16 14:54:42,157 [WARN] DbFile:41 - Overriding database path with different value: C:\Users\kim20\.stmcufinder\plugins\mcufinder/ => C:\Users\kim20\.stmcufinder\plugins\mcufinder
2025-08-16 14:54:42,157 [INFO] DbMcusAds:125 - Set database path to: C:\Users\kim20\.stmcufinder\plugins\mcufinder//mcu/
2025-08-16 14:54:42,157 [WARN] DbFile:41 - Overriding database path with different value: C:\Users\kim20\.stmcufinder\plugins\mcufinder/ => C:\Users\kim20\.stmcufinder\plugins\mcufinder
2025-08-16 14:54:42,157 [WARN] DbFile:41 - Overriding database path with different value: C:\Users\kim20\.stmcufinder\plugins\mcufinder/ => C:\Users\kim20\.stmcufinder\plugins\mcufinder
2025-08-16 14:54:42,158 [INFO] CrossReferenceDbSqlite:203 - Set database path to: C:\Users\kim20\.stmcufinder\plugins\mcufinder//mcu/cs/
2025-08-16 14:54:42,196 [INFO] MainPanel:274 - HeapMemory: 273678336
2025-08-16 14:54:42,248 [INFO] DbMcusXml:78 - Set database path to: C:\ST\STM32CubeIDE_1.19.0\STM32CubeIDE\plugins\com.st.stm32cube.common.mx_6.15.0.202507011659\\db\/mcu/
2025-08-16 14:54:42,248 [INFO] ApiDb:274 - Set plugin database path to: C:\ST\STM32CubeIDE_1.19.0\STM32CubeIDE\plugins\com.st.stm32cube.common.mx_6.15.0.202507011659\\db\/plugins/boardmanager/
2025-08-16 14:54:42,249 [INFO] ApiDb:261 - Set plugin images path to: C:\ST\STM32CubeIDE_1.19.0\STM32CubeIDE\plugins\com.st.stm32cube.common.mx_6.15.0.202507011659\\db\/plugins/mcufinder/images/
2025-08-16 14:54:42,249 [WARN] DbFile:41 - Overriding database path with different value: C:\Users\kim20\.stmcufinder\plugins\mcufinder/ => C:\Users\kim20\.stmcufinder\plugins\mcufinder
2025-08-16 14:54:42,249 [INFO] ApiDb:250 - Set database path to: C:\Users\kim20\.stmcufinder\plugins\mcufinder//mcu/
2025-08-16 14:54:42,249 [WARN] DbFile:41 - Overriding database path with different value: C:\Users\kim20\.stmcufinder\plugins\mcufinder/ => C:\Users\kim20\.stmcufinder\plugins\mcufinder
2025-08-16 14:54:42,249 [INFO] DbMcusAds:125 - Set database path to: C:\Users\kim20\.stmcufinder\plugins\mcufinder//mcu/
2025-08-16 14:54:42,249 [WARN] DbFile:41 - Overriding database path with different value: C:\Users\kim20\.stmcufinder\plugins\mcufinder/ => C:\Users\kim20\.stmcufinder\plugins\mcufinder
2025-08-16 14:54:42,249 [WARN] DbFile:41 - Overriding database path with different value: C:\Users\kim20\.stmcufinder\plugins\mcufinder/ => C:\Users\kim20\.stmcufinder\plugins\mcufinder
2025-08-16 14:54:42,249 [INFO] CrossReferenceDbSqlite:203 - Set database path to: C:\Users\kim20\.stmcufinder\plugins\mcufinder//mcu/cs/
2025-08-16 14:54:42,259 [INFO] ApplicationProperties:184 - Using Application install path: C:\ST\STM32CubeIDE_1.19.0\STM32CubeIDE\plugins\com.st.stm32cube.common.mx_6.15.0.202507011659
2025-08-16 14:54:42,260 [INFO] PluginManage:196 - Search for loadable plugins [exclusion list=, ]
2025-08-16 14:54:42,261 [INFO] PluginManage:310 - Check plugin analytics
2025-08-16 14:57:26,695 [INFO] Activator:176 - 


2025-08-16 14:57:26,696 [INFO] Activator:177 - !SESSION log4j initialized
2025-08-16 14:57:29,670 [INFO] LogOutputStream:77 - [STDOUT_REDIRECT] 
2025-08-16 15:00:25,039 [INFO] ApplicationProperties:184 - Using Application install path: C:\ST\STM32CubeIDE_1.19.0\STM32CubeIDE\plugins\com.st.stm32cube.common.mx_6.15.0.202507011659
2025-08-16 15:00:25,049 [INFO] DbMcusXml:78 - Set database path to: C:\ST\STM32CubeIDE_1.19.0\STM32CubeIDE\plugins\com.st.stm32cube.common.mx_6.15.0.202507011659\\db\/mcu/
2025-08-16 15:00:25,050 [INFO] ApiDb:274 - Set plugin database path to: C:\ST\STM32CubeIDE_1.19.0\STM32CubeIDE\plugins\com.st.stm32cube.common.mx_6.15.0.202507011659\\db\/plugins/boardmanager/
2025-08-16 15:00:25,050 [WARN] ApiDb:259 - Overriding images path with different value:  => C:\ST\STM32CubeIDE_1.19.0\STM32CubeIDE\plugins\com.st.stm32cube.common.mx_6.15.0.202507011659\\db\/plugins/mcufinder/images/
2025-08-16 15:00:25,053 [INFO] ApiDb:250 - Set database path to: C:\Users\kim20\.stmcufinder\plugins\mcufinder//mcu/
2025-08-16 15:00:25,055 [INFO] DbMcusAds:125 - Set database path to: C:\Users\kim20\.stmcufinder\plugins\mcufinder//mcu/
2025-08-16 15:00:25,060 [INFO] CrossReferenceDbSqlite:203 - Set database path to: C:\Users\kim20\.stmcufinder\plugins\mcufinder//mcu/cs/
2025-08-16 15:00:25,138 [INFO] RulesReader:64 - Compatibility file has been processed (317 Rules)
2025-08-16 15:00:25,218 [INFO] DbMcusXml:78 - Set database path to: C:\ST\STM32CubeIDE_1.19.0\STM32CubeIDE\plugins\com.st.stm32cube.common.mx_6.15.0.202507011659\\db\/mcu/
2025-08-16 15:00:25,218 [INFO] ApiDb:274 - Set plugin database path to: C:\ST\STM32CubeIDE_1.19.0\STM32CubeIDE\plugins\com.st.stm32cube.common.mx_6.15.0.202507011659\\db\/plugins/boardmanager/
2025-08-16 15:00:25,219 [INFO] ApiDb:261 - Set plugin images path to: C:\ST\STM32CubeIDE_1.19.0\STM32CubeIDE\plugins\com.st.stm32cube.common.mx_6.15.0.202507011659\\db\/plugins/mcufinder/images/
2025-08-16 15:00:25,219 [WARN] DbFile:41 - Overriding database path with different value: C:\Users\kim20\.stmcufinder\plugins\mcufinder/ => C:\Users\kim20\.stmcufinder\plugins\mcufinder
2025-08-16 15:00:25,219 [INFO] ApiDb:250 - Set database path to: C:\Users\kim20\.stmcufinder\plugins\mcufinder//mcu/
2025-08-16 15:00:25,219 [WARN] DbFile:41 - Overriding database path with different value: C:\Users\kim20\.stmcufinder\plugins\mcufinder/ => C:\Users\kim20\.stmcufinder\plugins\mcufinder
2025-08-16 15:00:25,219 [INFO] DbMcusAds:125 - Set database path to: C:\Users\kim20\.stmcufinder\plugins\mcufinder//mcu/
2025-08-16 15:00:25,219 [WARN] DbFile:41 - Overriding database path with different value: C:\Users\kim20\.stmcufinder\plugins\mcufinder/ => C:\Users\kim20\.stmcufinder\plugins\mcufinder
2025-08-16 15:00:25,219 [WARN] DbFile:41 - Overriding database path with different value: C:\Users\kim20\.stmcufinder\plugins\mcufinder/ => C:\Users\kim20\.stmcufinder\plugins\mcufinder
2025-08-16 15:00:25,219 [INFO] CrossReferenceDbSqlite:203 - Set database path to: C:\Users\kim20\.stmcufinder\plugins\mcufinder//mcu/cs/
2025-08-16 15:00:25,262 [INFO] MainPanel:274 - HeapMemory: 268435456
2025-08-16 15:00:25,318 [INFO] DbMcusXml:78 - Set database path to: C:\ST\STM32CubeIDE_1.19.0\STM32CubeIDE\plugins\com.st.stm32cube.common.mx_6.15.0.202507011659\\db\/mcu/
2025-08-16 15:00:25,318 [INFO] ApiDb:274 - Set plugin database path to: C:\ST\STM32CubeIDE_1.19.0\STM32CubeIDE\plugins\com.st.stm32cube.common.mx_6.15.0.202507011659\\db\/plugins/boardmanager/
2025-08-16 15:00:25,318 [INFO] ApiDb:261 - Set plugin images path to: C:\ST\STM32CubeIDE_1.19.0\STM32CubeIDE\plugins\com.st.stm32cube.common.mx_6.15.0.202507011659\\db\/plugins/mcufinder/images/
2025-08-16 15:00:25,318 [WARN] DbFile:41 - Overriding database path with different value: C:\Users\kim20\.stmcufinder\plugins\mcufinder/ => C:\Users\kim20\.stmcufinder\plugins\mcufinder
2025-08-16 15:00:25,319 [INFO] ApiDb:250 - Set database path to: C:\Users\kim20\.stmcufinder\plugins\mcufinder//mcu/
2025-08-16 15:00:25,319 [WARN] DbFile:41 - Overriding database path with different value: C:\Users\kim20\.stmcufinder\plugins\mcufinder/ => C:\Users\kim20\.stmcufinder\plugins\mcufinder
2025-08-16 15:00:25,319 [INFO] DbMcusAds:125 - Set database path to: C:\Users\kim20\.stmcufinder\plugins\mcufinder//mcu/
2025-08-16 15:00:25,319 [WARN] DbFile:41 - Overriding database path with different value: C:\Users\kim20\.stmcufinder\plugins\mcufinder/ => C:\Users\kim20\.stmcufinder\plugins\mcufinder
2025-08-16 15:00:25,319 [WARN] DbFile:41 - Overriding database path with different value: C:\Users\kim20\.stmcufinder\plugins\mcufinder/ => C:\Users\kim20\.stmcufinder\plugins\mcufinder
2025-08-16 15:00:25,319 [INFO] CrossReferenceDbSqlite:203 - Set database path to: C:\Users\kim20\.stmcufinder\plugins\mcufinder//mcu/cs/
2025-08-16 15:00:25,330 [INFO] ApplicationProperties:184 - Using Application install path: C:\ST\STM32CubeIDE_1.19.0\STM32CubeIDE\plugins\com.st.stm32cube.common.mx_6.15.0.202507011659
2025-08-16 15:00:25,332 [INFO] PluginManage:196 - Search for loadable plugins [exclusion list=, ]
2025-08-16 15:00:25,332 [INFO] PluginManage:310 - Check plugin analytics
2025-08-16 15:00:34,867 [INFO] AnalyticsPlugin:253 - Accepted Software Licenses: STM32CubeMX.6.15.0
2025-08-16 15:00:34,868 [INFO] AnalyticsPlugin:255 - Accepted CMSIS Pack Licenses: 
2025-08-16 15:00:34,868 [INFO] AnalyticsPlugin:257 - Accepted Firmware Licenses: FW.F4.1.28.0
2025-08-16 15:00:34,869 [INFO] PluginManage:359 - Loaded plugin analytics (category:tool,tabindex:-1)
2025-08-16 15:00:34,869 [INFO] PluginManage:310 - Check plugin cadmodel
2025-08-16 15:00:34,871 [INFO] CADModel:105 - Init CAD model plugin
2025-08-16 15:00:34,871 [INFO] PluginManage:359 - Loaded plugin cadmodel (category:power,tabindex:5)
2025-08-16 15:00:34,872 [INFO] PluginManage:310 - Check plugin clock
2025-08-16 15:00:34,876 [INFO] PluginManage:359 - Loaded plugin clock (category:base,tabindex:2)
2025-08-16 15:00:34,876 [INFO] PluginManage:310 - Check plugin ddr
2025-08-16 15:00:34,877 [INFO] PluginManage:359 - Loaded plugin ddr (category:tool,tabindex:6)
2025-08-16 15:00:34,877 [INFO] PluginManage:310 - Check plugin filemanager
2025-08-16 15:00:34,978 [INFO] PluginManage:359 - Loaded plugin filemanager (category:base,tabindex:10)
2025-08-16 15:00:34,978 [INFO] PluginManage:310 - Check plugin ipmanager
2025-08-16 15:00:34,982 [INFO] PluginManage:359 - Loaded plugin ipmanager (category:base,tabindex:5)
2025-08-16 15:00:34,982 [INFO] PluginManage:310 - Check plugin lpbam
2025-08-16 15:00:34,987 [INFO] PluginManage:359 - Loaded plugin lpbam (category:base,tabindex:0)
2025-08-16 15:00:34,987 [INFO] PluginManage:310 - Check plugin memorymap
2025-08-16 15:00:34,997 [INFO] PluginManage:359 - Loaded plugin memorymap (category:base,tabindex:4)
2025-08-16 15:00:34,997 [INFO] PluginManage:310 - Check plugin pinoutandconfiguration
2025-08-16 15:00:35,001 [INFO] PluginManage:359 - Loaded plugin pinoutandconfiguration (category:base,tabindex:1)
2025-08-16 15:00:35,001 [INFO] PluginManage:310 - Check plugin pinoutconfig
2025-08-16 15:00:35,051 [WARN] SupportedApi:132 - Cannot load RTOS API schema: s4s-elt-must-match.1: The content of 'definitions' must match (annotation?, (simpleType | complexType)?, (unique | key | keyref)*)). A problem was found starting at: attribute.
2025-08-16 15:00:35,135 [INFO] PluginManage:359 - Loaded plugin pinoutconfig (category:base,tabindex:0)
2025-08-16 15:00:35,135 [INFO] PluginManage:310 - Check plugin power
2025-08-16 15:00:35,139 [INFO] PluginManage:359 - Loaded plugin power (category:power,tabindex:4)
2025-08-16 15:00:35,139 [INFO] PluginManage:310 - Check plugin projectmanager
2025-08-16 15:00:35,149 [INFO] PluginManage:359 - Loaded plugin projectmanager (category:projectmanager,tabindex:4)
2025-08-16 15:00:35,149 [INFO] PluginManage:310 - Check plugin rif
2025-08-16 15:00:35,154 [INFO] PluginManage:359 - Loaded plugin rif (category:base,tabindex:3)
2025-08-16 15:00:35,154 [INFO] PluginManage:310 - Check plugin thirdparty
2025-08-16 15:00:35,224 [INFO] PluginManage:359 - Loaded plugin thirdparty (category:base,tabindex:-1)
2025-08-16 15:00:35,224 [WARN] IntegrityCheckThread:84 - waiting for thirdparty lock release [integrity check]
2025-08-16 15:00:35,224 [INFO] PluginManage:310 - Check plugin tools
2025-08-16 15:00:35,226 [INFO] IntegrityCheckThread:86 - entering critical section [integrity check]
2025-08-16 15:00:35,226 [INFO] ThirdPartyUpdaterWithRetryManager:70 - Updater plugin not ready yet. [1/15]
2025-08-16 15:00:35,227 [INFO] PluginManage:359 - Loaded plugin tools (category:base,tabindex:7)
2025-08-16 15:00:35,227 [INFO] PluginManage:310 - Check plugin tutovideos
2025-08-16 15:00:35,340 [INFO] PluginManage:359 - Loaded plugin tutovideos (category:base,tabindex:-1)
2025-08-16 15:00:35,340 [INFO] PluginManage:310 - Check plugin updater
2025-08-16 15:00:35,352 [INFO] PluginManage:359 - Loaded plugin updater (category:base,tabindex:12)
2025-08-16 15:00:35,352 [INFO] PluginManage:310 - Check plugin userauth
2025-08-16 15:00:35,354 [INFO] UserAuth:118 - Init User Auth plugin
2025-08-16 15:00:35,354 [INFO] PluginManage:359 - Loaded plugin userauth (category:base,tabindex:14)
2025-08-16 15:00:35,355 [INFO] PluginManage:283 - PluginManage : Loaded plugins [18]
2025-08-16 15:00:35,482 [INFO] PinOutPanel:1589 - setPackage(No Configuration,No Configuration)
2025-08-16 15:00:35,533 [INFO] CADModel:165 - CPN selected for project level
2025-08-16 15:00:35,533 [INFO] CADModel:114 - Register for checkConnection events
2025-08-16 15:00:35,543 [INFO] IPUIPlugin:80 - create IPUIPlugin
2025-08-16 15:00:35,543 [INFO] PluginManager:220 - loadIPPluginJar : add adc
2025-08-16 15:00:35,545 [INFO] IPUIPlugin:80 - create IPUIPlugin
2025-08-16 15:00:35,545 [INFO] PluginManager:220 - loadIPPluginJar : add aes
2025-08-16 15:00:35,546 [INFO] IPUIPlugin:80 - create IPUIPlugin
2025-08-16 15:00:35,547 [INFO] PluginManager:220 - loadIPPluginJar : add can
2025-08-16 15:00:35,548 [INFO] IPUIPlugin:80 - create IPUIPlugin
2025-08-16 15:00:35,548 [INFO] PluginManager:220 - loadIPPluginJar : add comp
2025-08-16 15:00:35,549 [INFO] IPUIPlugin:80 - create IPUIPlugin
2025-08-16 15:00:35,549 [INFO] PluginManager:220 - loadIPPluginJar : add cryp
2025-08-16 15:00:35,550 [INFO] IPUIPlugin:80 - create IPUIPlugin
2025-08-16 15:00:35,550 [INFO] PluginManager:220 - loadIPPluginJar : add ddr_ctrl_phy
2025-08-16 15:00:35,552 [INFO] IPUIPlugin:80 - create IPUIPlugin
2025-08-16 15:00:35,552 [INFO] PluginManager:220 - loadIPPluginJar : add dfsdm
2025-08-16 15:00:35,556 [INFO] IPUIPlugin:80 - create IPUIPlugin
2025-08-16 15:00:35,556 [INFO] PluginManager:220 - loadIPPluginJar : add dma
2025-08-16 15:00:35,557 [INFO] IPUIPlugin:80 - create IPUIPlugin
2025-08-16 15:00:35,558 [INFO] PluginManager:220 - loadIPPluginJar : add dma3
2025-08-16 15:00:35,560 [INFO] IPUIPlugin:80 - create IPUIPlugin
2025-08-16 15:00:35,560 [INFO] PluginManager:220 - loadIPPluginJar : add extmemmanager
2025-08-16 15:00:35,560 [INFO] IPUIPlugin:80 - create IPUIPlugin
2025-08-16 15:00:35,560 [INFO] PluginManager:220 - loadIPPluginJar : add fatfs
2025-08-16 15:00:35,563 [INFO] IPUIPlugin:80 - create IPUIPlugin
2025-08-16 15:00:35,563 [INFO] PluginManager:220 - loadIPPluginJar : add fmc
2025-08-16 15:00:35,567 [INFO] IPUIPlugin:80 - create IPUIPlugin
2025-08-16 15:00:35,567 [INFO] PluginManager:220 - loadIPPluginJar : add freertos
2025-08-16 15:00:35,568 [INFO] IPUIPlugin:80 - create IPUIPlugin
2025-08-16 15:00:35,568 [INFO] PluginManager:220 - loadIPPluginJar : add genericplugin
2025-08-16 15:00:35,569 [INFO] IPUIPlugin:80 - create IPUIPlugin
2025-08-16 15:00:35,569 [INFO] PluginManager:220 - loadIPPluginJar : add gfxmmu
2025-08-16 15:00:35,571 [INFO] IPUIPlugin:80 - create IPUIPlugin
2025-08-16 15:00:35,571 [INFO] PluginManager:220 - loadIPPluginJar : add gic
2025-08-16 15:00:35,573 [INFO] IPUIPlugin:80 - create IPUIPlugin
2025-08-16 15:00:35,573 [INFO] PluginManager:220 - loadIPPluginJar : add gpio
2025-08-16 15:00:35,575 [INFO] IPUIPlugin:80 - create IPUIPlugin
2025-08-16 15:00:35,575 [INFO] PluginManager:220 - loadIPPluginJar : add gtzc
2025-08-16 15:00:35,576 [INFO] IPUIPlugin:80 - create IPUIPlugin
2025-08-16 15:00:35,576 [INFO] PluginManager:220 - loadIPPluginJar : add hash
2025-08-16 15:00:35,577 [INFO] IPUIPlugin:80 - create IPUIPlugin
2025-08-16 15:00:35,577 [INFO] PluginManager:220 - loadIPPluginJar : add i2c
2025-08-16 15:00:35,578 [INFO] IPUIPlugin:80 - create IPUIPlugin
2025-08-16 15:00:35,578 [INFO] PluginManager:220 - loadIPPluginJar : add i2s
2025-08-16 15:00:35,580 [INFO] IPUIPlugin:80 - create IPUIPlugin
2025-08-16 15:00:35,580 [INFO] PluginManager:220 - loadIPPluginJar : add i3c
2025-08-16 15:00:35,582 [INFO] IPUIPlugin:80 - create IPUIPlugin
2025-08-16 15:00:35,582 [INFO] PluginManager:220 - loadIPPluginJar : add ipddr
2025-08-16 15:00:35,585 [INFO] IPUIPlugin:80 - create IPUIPlugin
2025-08-16 15:00:35,585 [INFO] PluginManager:220 - loadIPPluginJar : add linkedlist
2025-08-16 15:00:35,588 [INFO] IPUIPlugin:80 - create IPUIPlugin
2025-08-16 15:00:35,588 [INFO] PluginManager:220 - loadIPPluginJar : add lorawan
2025-08-16 15:00:35,589 [INFO] IPUIPlugin:80 - create IPUIPlugin
2025-08-16 15:00:35,589 [INFO] PluginManager:220 - loadIPPluginJar : add ltdc
2025-08-16 15:00:35,592 [INFO] IPUIPlugin:80 - create IPUIPlugin
2025-08-16 15:00:35,592 [INFO] PluginManager:220 - loadIPPluginJar : add mdma
2025-08-16 15:00:35,595 [INFO] IPUIPlugin:80 - create IPUIPlugin
2025-08-16 15:00:35,595 [INFO] PluginManager:220 - loadIPPluginJar : add nvic
2025-08-16 15:00:35,597 [INFO] IPUIPlugin:80 - create IPUIPlugin
2025-08-16 15:00:35,597 [INFO] PluginManager:220 - loadIPPluginJar : add opamp
2025-08-16 15:00:35,599 [INFO] IPUIPlugin:80 - create IPUIPlugin
2025-08-16 15:00:35,599 [INFO] PluginManager:220 - loadIPPluginJar : add openamp
2025-08-16 15:00:35,600 [INFO] IPUIPlugin:80 - create IPUIPlugin
2025-08-16 15:00:35,600 [INFO] PluginManager:220 - loadIPPluginJar : add pdm2pcm
2025-08-16 15:00:35,604 [INFO] IPUIPlugin:80 - create IPUIPlugin
2025-08-16 15:00:35,605 [INFO] PluginManager:220 - loadIPPluginJar : add plateformsettings
2025-08-16 15:00:35,606 [INFO] IPUIPlugin:80 - create IPUIPlugin
2025-08-16 15:00:35,606 [INFO] PluginManager:220 - loadIPPluginJar : add quadspi
2025-08-16 15:00:35,607 [INFO] IPUIPlugin:80 - create IPUIPlugin
2025-08-16 15:00:35,608 [INFO] PluginManager:220 - loadIPPluginJar : add radio
2025-08-16 15:00:35,610 [INFO] IPUIPlugin:80 - create IPUIPlugin
2025-08-16 15:00:35,610 [INFO] PluginManager:220 - loadIPPluginJar : add resmgrutility
2025-08-16 15:00:35,612 [INFO] IPUIPlugin:80 - create IPUIPlugin
2025-08-16 15:00:35,612 [INFO] PluginManager:220 - loadIPPluginJar : add sai
2025-08-16 15:00:35,612 [INFO] IPUIPlugin:80 - create IPUIPlugin
2025-08-16 15:00:35,612 [INFO] PluginManager:220 - loadIPPluginJar : add spi
2025-08-16 15:00:35,617 [INFO] IPUIPlugin:80 - create IPUIPlugin
2025-08-16 15:00:35,617 [INFO] PluginManager:220 - loadIPPluginJar : add stm32_wpan
2025-08-16 15:00:35,618 [INFO] IPUIPlugin:80 - create IPUIPlugin
2025-08-16 15:00:35,618 [INFO] PluginManager:220 - loadIPPluginJar : add tim
2025-08-16 15:00:35,620 [INFO] IPUIPlugin:80 - create IPUIPlugin
2025-08-16 15:00:35,620 [INFO] PluginManager:220 - loadIPPluginJar : add touchsensing
2025-08-16 15:00:35,621 [INFO] IPUIPlugin:80 - create IPUIPlugin
2025-08-16 15:00:35,621 [INFO] PluginManager:220 - loadIPPluginJar : add tracer_emb
2025-08-16 15:00:35,622 [INFO] IPUIPlugin:80 - create IPUIPlugin
2025-08-16 15:00:35,622 [INFO] PluginManager:220 - loadIPPluginJar : add ts
2025-08-16 15:00:35,624 [INFO] IPUIPlugin:80 - create IPUIPlugin
2025-08-16 15:00:35,624 [INFO] PluginManager:220 - loadIPPluginJar : add tsc
2025-08-16 15:00:35,626 [INFO] IPUIPlugin:80 - create IPUIPlugin
2025-08-16 15:00:35,626 [INFO] PluginManager:220 - loadIPPluginJar : add ucpd
2025-08-16 15:00:35,628 [INFO] IPUIPlugin:80 - create IPUIPlugin
2025-08-16 15:00:35,628 [INFO] PluginManager:220 - loadIPPluginJar : add usart
2025-08-16 15:00:35,630 [INFO] IPUIPlugin:80 - create IPUIPlugin
2025-08-16 15:00:35,630 [INFO] PluginManager:220 - loadIPPluginJar : add usbx
2025-08-16 15:00:35,733 [FATAL] Updater:351 - Updater called before beeing initialized
2025-08-16 15:00:35,757 [INFO] RulesReader:64 - Compatibility file has been processed (317 Rules)
2025-08-16 15:00:35,765 [INFO] RulesReader:64 - Compatibility file has been processed (317 Rules)
2025-08-16 15:00:35,770 [INFO] CADModel:165 - CPN selected for project level
2025-08-16 15:00:35,770 [INFO] CADModel:114 - Register for checkConnection events
2025-08-16 15:00:35,770 [FATAL] Updater:351 - Updater called before beeing initialized
2025-08-16 15:00:35,770 [ERROR] CADModel:125 - Updater not yet initialized, retry later 
2025-08-16 15:00:35,863 [FATAL] Updater:351 - Updater called before beeing initialized
2025-08-16 15:00:35,864 [INFO] CADModel:165 - CPN selected for project level
2025-08-16 15:00:35,864 [INFO] CADModel:114 - Register for checkConnection events
2025-08-16 15:00:35,864 [FATAL] Updater:351 - Updater called before beeing initialized
2025-08-16 15:00:35,864 [ERROR] CADModel:125 - Updater not yet initialized, retry later 
2025-08-16 15:00:35,867 [FATAL] Updater:351 - Updater called before beeing initialized
2025-08-16 15:00:35,928 [FATAL] Updater:351 - Updater called before beeing initialized
2025-08-16 15:00:35,932 [INFO] DbMcusAds:53 - JSON generation date=Tue Jul 08 17:14:23 KST 2025 (1751962463593)
2025-08-16 15:00:35,932 [FATAL] Updater:351 - Updater called before beeing initialized
2025-08-16 15:00:35,953 [WARN] DetailPanel:346 - Failed to get advertising image, set to default
2025-08-16 15:00:36,011 [FATAL] Updater:351 - Updater called before beeing initialized
2025-08-16 15:00:36,014 [FATAL] Updater:351 - Updater called before beeing initialized
2025-08-16 15:00:36,014 [FATAL] Updater:351 - Updater called before beeing initialized
2025-08-16 15:00:36,014 [WARN] DetailPanel:346 - Failed to get advertising image, set to default
2025-08-16 15:00:36,015 [FATAL] Updater:351 - Updater called before beeing initialized
2025-08-16 15:00:36,043 [ERROR] Updater:1198 - MainUpdater not yet initialized. External WinMGr cannot be set.
2025-08-16 15:00:36,044 [INFO] Updater:1134 - Updater Version found : 6.15.0
2025-08-16 15:00:36,055 [INFO] ApplicationProperties:184 - Using Application install path: C:\ST\STM32CubeIDE_1.19.0\STM32CubeIDE\plugins\com.st.stm32cube.common.mx_6.15.0.202507011659
2025-08-16 15:00:37,625 [ERROR] LogOutputStream:75 - [STDERR_REDIRECT] Aug 16, 2025 3:00:37 PM java.util.prefs.WindowsPreferences <init>
2025-08-16 15:00:37,626 [ERROR] LogOutputStream:75 - [STDERR_REDIRECT] WARNING: Could not open/create prefs root node Software\JavaSoft\Prefs at root 0xffffffff80000002. Windows RegCreateKeyEx(...) returned error code 5.
2025-08-16 15:00:37,626 [ERROR] LogOutputStream:75 - [STDERR_REDIRECT] 
2025-08-16 15:00:37,920 [INFO] MainUpdater:2872 - connection check result : 10
2025-08-16 15:00:37,920 [INFO] MainUpdater:289 - Updater Check For Update Now.
2025-08-16 15:00:37,920 [INFO] MicroXplorer:498 - Change Database Version : DB.6.0.150
2025-08-16 15:00:37,923 [INFO] McuFinderGlobals:63 - Set McuFinder mode to 2 (CubeIDE integrated)
2025-08-16 15:00:37,923 [INFO] UserAuth:487 - Internet connection configuration mode: 1
2025-08-16 15:00:37,946 [INFO] JxBrowserEngine:152 - Initiate JxBrowser Engine with user profile folder
2025-08-16 15:00:38,073 [INFO] CheckServerUpdateThread:120 - End of CheckServer Thread
2025-08-16 15:00:38,343 [WARN] PackLoader:240 - Cannot read IP mode file for STMicroelectronics.FP-SNS-MOTENVWB1.1.4.0
2025-08-16 15:00:38,350 [WARN] PackLoader:240 - Cannot read IP mode file for STMicroelectronics.FP-ATR-ASTRA1.2.0.2
2025-08-16 15:00:38,371 [WARN] PackLoader:240 - Cannot read IP mode file for STMicroelectronics.X-CUBE-DISPLAY.3.0.0
2025-08-16 15:00:38,381 [WARN] PackLoader:240 - Cannot read IP mode file for STMicroelectronics.FP-SNS-SMARTAG2.1.2.0
2025-08-16 15:00:38,386 [WARN] PackLoader:240 - Cannot read IP mode file for STMicroelectronics.FP-SNS-FLIGHT1.5.1.0
2025-08-16 15:00:38,389 [WARN] PackLoader:240 - Cannot read IP mode file for STMicroelectronics.FP-SNS-MOTENV1.5.0.0
2025-08-16 15:00:38,397 [WARN] PackLoader:240 - Cannot read IP mode file for STMicroelectronics.X-CUBE-BLE2.3.3.0
2025-08-16 15:00:38,401 [WARN] PackLoader:240 - Cannot read IP mode file for STMicroelectronics.X-CUBE-BLE1.7.1.0
2025-08-16 15:00:38,405 [WARN] PackLoader:240 - Cannot read IP mode file for STMicroelectronics.FP-ATR-SIGFOX1.3.2.0
2025-08-16 15:00:38,415 [WARN] PackLoader:240 - Cannot read IP mode file for STMicroelectronics.X-CUBE-FREERTOS.1.3.1
2025-08-16 15:00:38,419 [WARN] PackLoader:240 - Cannot read IP mode file for STMicroelectronics.X-CUBE-DPower.1.3.0
2025-08-16 15:00:38,427 [WARN] PackLoader:240 - Cannot read IP mode file for STMicroelectronics.X-CUBE-GNSS1.7.0.1
2025-08-16 15:00:38,440 [WARN] PackLoader:240 - Cannot read IP mode file for STMicroelectronics.X-CUBE-ALS.1.0.2
2025-08-16 15:00:38,443 [INFO] ThirdParty:978 - Integrity check success = true
2025-08-16 15:00:38,443 [INFO] IntegrityCheckThread:100 - exiting critical section [integrity check]
2025-08-16 15:00:38,443 [INFO] IntegrityCheckThread:103 - End integrity checks thread
2025-08-16 15:00:38,613 [INFO] WebApp:169 - Instantiating new browser for Auth
2025-08-16 15:00:38,641 [ERROR] LogOutputStream:75 - [STDERR_REDIRECT] 
2025-08-16 15:00:38,641 [ERROR] LogOutputStream:75 - [STDERR_REDIRECT] 
